[INFO ] 2022-08-11 00:21:58.098 [main] BaseClass - Entered Username
[INFO ] 2022-08-11 00:21:58.157 [main] BaseClass - Entered Password
[INFO ] 2022-08-11 00:22:12.878 [main] BaseClass - Entered Task Name
[INFO ] 2022-08-11 00:22:13.160 [main] BaseClass - Task Completed
[INFO ] 2022-08-11 13:42:12.081 [main] BaseClass - Entered Username
[INFO ] 2022-08-11 13:42:12.136 [main] BaseClass - Entered Password
[INFO ] 2022-08-11 13:42:25.530 [main] BaseClass - Entered Task Name
[INFO ] 2022-08-11 13:46:15.553 [main] BaseClass - Entered Username
[INFO ] 2022-08-11 13:46:15.601 [main] BaseClass - Entered Password
[INFO ] 2022-08-11 13:46:32.140 [main] BaseClass - Entered Task Name
[INFO ] 2022-08-11 13:52:38.153 [main] BaseClass - Entered Username
[INFO ] 2022-08-11 13:52:38.193 [main] BaseClass - Entered Password
[INFO ] 2022-08-11 13:52:54.408 [main] BaseClass - Entered Task Name
[INFO ] 2022-08-11 13:52:57.510 [main] BaseClass - Entered Note Name
[INFO ] 2022-08-11 13:53:00.771 [main] BaseClass - Selected Reminder
[INFO ] 2022-08-11 13:53:01.010 [main] BaseClass - Task Completed
[INFO ] 2022-08-25 00:43:53.217 [main] BaseClass - Entered Username
[INFO ] 2022-08-25 00:43:53.272 [main] BaseClass - Entered Password
[INFO ] 2022-08-25 00:44:07.859 [main] BaseClass - Entered Task Name
[INFO ] 2022-08-25 00:44:08.204 [main] BaseClass - Task Completed
[INFO ] 2022-08-25 00:44:18.328 [main] BaseClass - Entered Username
[INFO ] 2022-08-25 00:44:18.366 [main] BaseClass - Entered Password
[INFO ] 2022-08-25 00:44:36.011 [main] BaseClass - Entered Task Name
[INFO ] 2022-08-25 00:44:39.122 [main] BaseClass - Entered Note Name
[INFO ] 2022-08-25 00:44:42.388 [main] BaseClass - Selected Reminder
[INFO ] 2022-08-25 00:44:42.621 [main] BaseClass - Task Completed
[INFO ] 2022-08-25 00:44:51.834 [main] BaseClass - Entered Username
[INFO ] 2022-08-25 00:44:51.866 [main] BaseClass - Entered Password
[INFO ] 2022-08-25 00:45:08.692 [main] BaseClass - Entered Task Name
[INFO ] 2022-08-25 00:45:11.952 [main] BaseClass - Task Added
[INFO ] 2022-08-25 00:45:23.688 [main] BaseClass - Entered Username
[INFO ] 2022-08-25 00:45:23.722 [main] BaseClass - Entered Password
[INFO ] 2022-08-25 00:45:46.523 [main] BaseClass - Entered Username
[INFO ] 2022-08-25 00:45:46.568 [main] BaseClass - Entered Password
[INFO ] 2022-08-25 00:45:59.224 [main] BaseClass - Entered Username
[INFO ] 2022-08-25 00:45:59.260 [main] BaseClass - Entered Password
[INFO ] 2022-08-25 00:46:11.802 [main] BaseClass - Entered Username
[INFO ] 2022-08-25 00:46:11.840 [main] BaseClass - Entered Password
[INFO ] 2022-08-25 00:46:24.216 [main] BaseClass - Entered Username
[INFO ] 2022-08-25 00:46:24.249 [main] BaseClass - Entered Password
[INFO ] 2022-08-25 00:46:46.641 [main] BaseClass - Entered Username
[INFO ] 2022-08-25 00:46:46.671 [main] BaseClass - Entered Password
[INFO ] 2022-08-25 00:47:10.115 [main] BaseClass - Entered Username
[INFO ] 2022-08-25 00:47:10.138 [main] BaseClass - Entered Password
